0 info it worked if it ends with ok
1 verbose cli [ '/Users/rkuzsma/.nvm/versions/node/v6.13.0/bin/node',
1 verbose cli   '/Users/rkuzsma/.nvm/versions/node/v6.13.0/bin/npm',
1 verbose cli   'run',
1 verbose cli   'start:dev' ]
2 info using npm@3.10.10
3 info using node@v6.13.0
4 verbose run-script [ 'prestart:dev', 'start:dev', 'poststart:dev' ]
5 info lifecycle hipchat@1.0.0~prestart:dev: hipchat@1.0.0
6 silly lifecycle hipchat@1.0.0~prestart:dev: no script for prestart:dev, continuing
7 info lifecycle hipchat@1.0.0~start:dev: hipchat@1.0.0
8 verbose lifecycle hipchat@1.0.0~start:dev: unsafe-perm in lifecycle true
9 verbose lifecycle hipchat@1.0.0~start:dev: PATH: /Users/rkuzsma/.nvm/versions/node/v6.13.0/lib/node_modules/npm/bin/node-gyp-bin:/Users/rkuzsma/cornchat/hipchat/node_modules/.bin:/Library/Frameworks/Python.framework/Versions/3.6/bin:/Users/rkuzsma/Library/Python/3.6/bin:/Users/rkuzsma/.rvm/gems/ruby-1.9.3-p551/bin:/Users/rkuzsma/.rvm/gems/ruby-1.9.3-p551@global/bin:/Users/rkuzsma/.rvm/rubies/ruby-1.9.3-p551/bin:/Users/rkuzsma/.nvm/versions/node/v6.13.0/bin:/usr/local/bin:/usr/bin:/bin:/usr/sbin:/sbin:/usr/local/sbin:/Users/rkuzsma/.rvm/bin
10 verbose lifecycle hipchat@1.0.0~start:dev: CWD: /Users/rkuzsma/cornchat/hipchat
11 silly lifecycle hipchat@1.0.0~start:dev: Args: [ '-c', 'webpack-dev-server --config webpack.dev.js --hot' ]
12 silly lifecycle hipchat@1.0.0~start:dev: Returned: code: 1  signal: null
13 info lifecycle hipchat@1.0.0~start:dev: Failed to exec start:dev script
14 verbose stack Error: hipchat@1.0.0 start:dev: `webpack-dev-server --config webpack.dev.js --hot`
14 verbose stack Exit status 1
14 verbose stack     at EventEmitter.<anonymous> (/Users/rkuzsma/.nvm/versions/node/v6.13.0/lib/node_modules/npm/lib/utils/lifecycle.js:255:16)
14 verbose stack     at emitTwo (events.js:106:13)
14 verbose stack     at EventEmitter.emit (events.js:191:7)
14 verbose stack     at ChildProcess.<anonymous> (/Users/rkuzsma/.nvm/versions/node/v6.13.0/lib/node_modules/npm/lib/utils/spawn.js:40:14)
14 verbose stack     at emitTwo (events.js:106:13)
14 verbose stack     at ChildProcess.emit (events.js:191:7)
14 verbose stack     at maybeClose (internal/child_process.js:920:16)
14 verbose stack     at Process.ChildProcess._handle.onexit (internal/child_process.js:230:5)
15 verbose pkgid hipchat@1.0.0
16 verbose cwd /Users/rkuzsma/cornchat/hipchat
17 error Darwin 15.6.0
18 error argv "/Users/rkuzsma/.nvm/versions/node/v6.13.0/bin/node" "/Users/rkuzsma/.nvm/versions/node/v6.13.0/bin/npm" "run" "start:dev"
19 error node v6.13.0
20 error npm  v3.10.10
21 error code ELIFECYCLE
22 error hipchat@1.0.0 start:dev: `webpack-dev-server --config webpack.dev.js --hot`
22 error Exit status 1
23 error Failed at the hipchat@1.0.0 start:dev script 'webpack-dev-server --config webpack.dev.js --hot'.
23 error Make sure you have the latest version of node.js and npm installed.
23 error If you do, this is most likely a problem with the hipchat package,
23 error not with npm itself.
23 error Tell the author that this fails on your system:
23 error     webpack-dev-server --config webpack.dev.js --hot
23 error You can get information on how to open an issue for this project with:
23 error     npm bugs hipchat
23 error Or if that isn't available, you can get their info via:
23 error     npm owner ls hipchat
23 error There is likely additional logging output above.
24 verbose exit [ 1, true ]
